<?xml version="1.0" encoding="UTF-8"?>
<testng-results skipped="0" failed="0" ignored="0" total="1" passed="1">
  <reporter-output>
  </reporter-output>
  <suite name="Default suite" duration-ms="220" started-at="2022-03-24T09:55:50Z" finished-at="2022-03-24T09:55:51Z">
    <groups>
    </groups>
    <test name="Default test" duration-ms="220" started-at="2022-03-24T09:55:50Z" finished-at="2022-03-24T09:55:51Z">
      <class name="pojo.Deserialization">
        <test-method status="PASS" signature="deserialization()[pri:0, instance:pojo.Deserialization@62ee68d8]" name="deserialization" duration-ms="185" started-at="2022-03-24T09:55:51Z" finished-at="2022-03-24T09:55:51Z">
          <reporter-output>
          </reporter-output>
        </test-method> <!-- deserialization -->
      </class> <!-- pojo.Deserialization -->
    </test> <!-- Default test -->
  </suite> <!-- Default suite -->
</testng-results>
