<?xml version="1.0" encoding="UTF-8"?>
<testng-results skipped="0" failed="0" ignored="0" total="1" passed="1">
  <reporter-output>
  </reporter-output>
  <suite name="Default suite" duration-ms="269" started-at="2022-02-16T19:00:33Z" finished-at="2022-02-16T19:00:33Z">
    <groups>
    </groups>
    <test name="Default test" duration-ms="269" started-at="2022-02-16T19:00:33Z" finished-at="2022-02-16T19:00:33Z">
      <class name="pojo.ObjectArrayImplimentation">
        <test-method status="PASS" signature="details()[pri:0, instance:pojo.ObjectArrayImplimentation@62ee68d8]" name="details" duration-ms="247" started-at="2022-02-16T19:00:33Z" finished-at="2022-02-16T19:00:33Z">
          <reporter-output>
          </reporter-output>
        </test-method> <!-- details -->
      </class> <!-- pojo.ObjectArrayImplimentation -->
    </test> <!-- Default test -->
  </suite> <!-- Default suite -->
</testng-results>
